<?xml version="1.0" encoding="UTF-8"?>
<testng-results ignored="0" total="1" passed="1" failed="0" skipped="0">
  <reporter-output>
  </reporter-output>
  <suite started-at="2023-02-25T14:21:05Z" name="Suite" finished-at="2023-02-25T14:22:17Z" duration-ms="71589">
    <groups>
    </groups>
    <test started-at="2023-02-25T14:21:05Z" name="Test" finished-at="2023-02-25T14:22:17Z" duration-ms="71589">
      <class name="Amazon.RunnerClass">
        <test-method is-config="true" signature="OpenApp()[pri:0, instance:Amazon.RunnerClass@5ef5c734]" started-at="2023-02-25T14:21:05Z" name="OpenApp" finished-at="2023-02-25T14:21:34Z" duration-ms="29144" status="PASS">
          <reporter-output>
          </reporter-output>
        </test-method> <!-- OpenApp -->
        <test-method signature="TS_01()[pri:0, instance:Amazon.RunnerClass@5ef5c734]" started-at="2023-02-25T14:21:34Z" name="TS_01" finished-at="2023-02-25T14:22:11Z" duration-ms="36982" status="PASS">
          <reporter-output>
          </reporter-output>
        </test-method> <!-- TS_01 -->
        <test-method is-config="true" signature="CloseApp()[pri:0, instance:Amazon.RunnerClass@5ef5c734]" started-at="2023-02-25T14:22:11Z" name="CloseApp" finished-at="2023-02-25T14:22:17Z" duration-ms="5399" status="PASS">
          <reporter-output>
          </reporter-output>
        </test-method> <!-- CloseApp -->
      </class> <!-- Amazon.RunnerClass -->
    </test> <!-- Test -->
  </suite> <!-- Suite -->
</testng-results>
