<?xml version="1.0" encoding="UTF-8"?>
<testng-results ignored="0" total="1" passed="1" failed="0" skipped="0">
  <reporter-output>
  </reporter-output>
  <suite started-at="2023-02-25T19:36:38 IST" name="Suite" finished-at="2023-02-25T19:37:45 IST" duration-ms="67099">
    <groups>
    </groups>
    <test started-at="2023-02-25T19:36:38 IST" name="Test" finished-at="2023-02-25T19:37:45 IST" duration-ms="67099">
      <class name="Amazon.RunnerClass">
        <test-method is-config="true" signature="OpenApp()[pri:0, instance:Amazon.RunnerClass@51dcb805]" started-at="2023-02-25T19:36:38 IST" name="OpenApp" finished-at="2023-02-25T19:37:04 IST" duration-ms="25932" status="PASS">
          <reporter-output>
          </reporter-output>
        </test-method> <!-- OpenApp -->
        <test-method signature="TS_01()[pri:0, instance:Amazon.RunnerClass@51dcb805]" started-at="2023-02-25T19:37:04 IST" name="TS_01" finished-at="2023-02-25T19:37:38 IST" duration-ms="33897" status="PASS">
          <reporter-output>
          </reporter-output>
        </test-method> <!-- TS_01 -->
        <test-method is-config="true" signature="CloseApp()[pri:0, instance:Amazon.RunnerClass@51dcb805]" started-at="2023-02-25T19:37:38 IST" name="CloseApp" finished-at="2023-02-25T19:37:45 IST" duration-ms="7167" status="PASS">
          <reporter-output>
          </reporter-output>
        </test-method> <!-- CloseApp -->
      </class> <!-- Amazon.RunnerClass -->
    </test> <!-- Test -->
  </suite> <!-- Suite -->
</testng-results>
